mode: set
github.com/golerplate/user-store-svc/internal/service/v1/init.go:13.90,17.2 1 1
github.com/golerplate/user-store-svc/internal/service/v1/user.go:9.124,11.16 2 1
github.com/golerplate/user-store-svc/internal/service/v1/user.go:11.16,13.3 1 1
github.com/golerplate/user-store-svc/internal/service/v1/user.go:15.2,15.18 1 1
github.com/golerplate/user-store-svc/internal/service/v1/user.go:18.101,20.16 2 1
github.com/golerplate/user-store-svc/internal/service/v1/user.go:20.16,22.3 1 1
github.com/golerplate/user-store-svc/internal/service/v1/user.go:24.2,24.18 1 1
github.com/golerplate/user-store-svc/internal/service/v1/user.go:27.95,29.16 2 1
github.com/golerplate/user-store-svc/internal/service/v1/user.go:29.16,31.3 1 1
github.com/golerplate/user-store-svc/internal/service/v1/user.go:33.2,33.18 1 1
github.com/golerplate/user-store-svc/internal/service/v1/user.go:36.107,38.16 2 1
github.com/golerplate/user-store-svc/internal/service/v1/user.go:38.16,40.3 1 1
github.com/golerplate/user-store-svc/internal/service/v1/user.go:42.2,42.18 1 1
github.com/golerplate/user-store-svc/internal/handlers/grpc/user/v1/init.go:14.142,18.2 1 1
github.com/golerplate/user-store-svc/internal/handlers/grpc/user/v1/user.go:15.155,16.72 1 1
github.com/golerplate/user-store-svc/internal/handlers/grpc/user/v1/user.go:16.72,18.3 1 1
github.com/golerplate/user-store-svc/internal/handlers/grpc/user/v1/user.go:19.2,19.66 1 1
github.com/golerplate/user-store-svc/internal/handlers/grpc/user/v1/user.go:19.66,21.3 1 1
github.com/golerplate/user-store-svc/internal/handlers/grpc/user/v1/user.go:22.2,22.72 1 1
github.com/golerplate/user-store-svc/internal/handlers/grpc/user/v1/user.go:22.72,24.3 1 1
github.com/golerplate/user-store-svc/internal/handlers/grpc/user/v1/user.go:26.2,31.16 2 1
github.com/golerplate/user-store-svc/internal/handlers/grpc/user/v1/user.go:31.16,33.3 1 1
github.com/golerplate/user-store-svc/internal/handlers/grpc/user/v1/user.go:35.2,45.9 1 1
github.com/golerplate/user-store-svc/internal/handlers/grpc/user/v1/user.go:48.167,49.66 1 1
github.com/golerplate/user-store-svc/internal/handlers/grpc/user/v1/user.go:49.66,51.3 1 1
github.com/golerplate/user-store-svc/internal/handlers/grpc/user/v1/user.go:53.2,54.16 2 1
github.com/golerplate/user-store-svc/internal/handlers/grpc/user/v1/user.go:54.16,56.3 1 1
github.com/golerplate/user-store-svc/internal/handlers/grpc/user/v1/user.go:58.2,68.9 1 1
github.com/golerplate/user-store-svc/internal/handlers/grpc/user/v1/user.go:71.158,72.60 1 1
github.com/golerplate/user-store-svc/internal/handlers/grpc/user/v1/user.go:72.60,74.3 1 1
github.com/golerplate/user-store-svc/internal/handlers/grpc/user/v1/user.go:76.2,77.16 2 1
github.com/golerplate/user-store-svc/internal/handlers/grpc/user/v1/user.go:77.16,79.3 1 1
github.com/golerplate/user-store-svc/internal/handlers/grpc/user/v1/user.go:81.2,91.9 1 1
github.com/golerplate/user-store-svc/internal/handlers/grpc/user/v1/user.go:94.176,95.72 1 1
github.com/golerplate/user-store-svc/internal/handlers/grpc/user/v1/user.go:95.72,97.3 1 1
github.com/golerplate/user-store-svc/internal/handlers/grpc/user/v1/user.go:99.2,100.16 2 1
github.com/golerplate/user-store-svc/internal/handlers/grpc/user/v1/user.go:100.16,102.3 1 1
github.com/golerplate/user-store-svc/internal/handlers/grpc/user/v1/user.go:104.2,114.9 1 1
